{"C:\\Users\\carlo\\Downloads\\HackatonReact\\hackaton-app\\src\\components\\ThemeToggle.tsx": {"path":"C:\\Users\\carlo\\Downloads\\HackatonReact\\hackaton-app\\src\\components\\ThemeToggle.tsx","statementMap":{"0":{"start":{"line":7,"column":33},"end":{"line":7,"column":46}},"1":{"start":{"line":8,"column":15},"end":{"line":8,"column":31}},"2":{"start":{"line":9,"column":17},"end":{"line":9,"column":36}},"3":{"start":{"line":11,"column":2},"end":{"line":29,"column":4}},"4":{"start":{"line":32,"column":15},"end":{"line":58,"column":2}}},"fnMap":{"0":{"name":"ThemeToggle","decl":{"start":{"line":6,"column":24},"end":{"line":6,"column":35}},"loc":{"start":{"line":6,"column":70},"end":{"line":30,"column":1}},"line":6}},"branchMap":{"0":{"loc":{"start":{"line":18,"column":8},"end":{"line":18,"column":47}},"type":"cond-expr","locations":[{"start":{"line":18,"column":15},"end":{"line":18,"column":29}},{"start":{"line":18,"column":32},"end":{"line":18,"column":47}}],"line":18},"1":{"loc":{"start":{"line":24,"column":14},"end":{"line":24,"column":54}},"type":"cond-expr","locations":[{"start":{"line":24,"column":21},"end":{"line":24,"column":38}},{"start":{"line":24,"column":41},"end":{"line":24,"column":54}}],"line":24},"2":{"loc":{"start":{"line":26,"column":15},"end":{"line":26,"column":37}},"type":"cond-expr","locations":[{"start":{"line":26,"column":22},"end":{"line":26,"column":28}},{"start":{"line":26,"column":31},"end":{"line":26,"column":37}}],"line":26}},"s":{"0":2,"1":2,"2":2,"3":2,"4":1},"f":{"0":2},"b":{"0":[1,1],"1":[1,1],"2":[1,1]},"_coverageSchema":"1a1c01bbd47fc00a2c39e90264f33305004495a9","hash":"55324aac7b7dc3cac2986505c677db94e4ca8a68"}
,"C:\\Users\\carlo\\Downloads\\HackatonReact\\hackaton-app\\src\\context\\ThemeContext.tsx": {"path":"C:\\Users\\carlo\\Downloads\\HackatonReact\\hackaton-app\\src\\context\\ThemeContext.tsx","statementMap":{"0":{"start":{"line":12,"column":28},"end":{"line":15,"column":2}},"1":{"start":{"line":18,"column":28},"end":{"line":18,"column":55}},"2":{"start":{"line":19,"column":22},"end":{"line":19,"column":79}},"3":{"start":{"line":19,"column":28},"end":{"line":19,"column":79}},"4":{"start":{"line":19,"column":45},"end":{"line":19,"column":77}},"5":{"start":{"line":21,"column":16},"end":{"line":21,"column":64}},"6":{"start":{"line":21,"column":31},"end":{"line":21,"column":53}},"7":{"start":{"line":22,"column":2},"end":{"line":24,"column":4}},"8":{"start":{"line":27,"column":27},"end":{"line":27,"column":57}},"9":{"start":{"line":27,"column":33},"end":{"line":27,"column":57}}},"fnMap":{"0":{"name":"(anonymous_0)","decl":{"start":{"line":14,"column":15},"end":{"line":14,"column":16}},"loc":{"start":{"line":14,"column":21},"end":{"line":14,"column":23}},"line":14},"1":{"name":"ThemeProvider","decl":{"start":{"line":17,"column":16},"end":{"line":17,"column":29}},"loc":{"start":{"line":17,"column":69},"end":{"line":25,"column":1}},"line":17},"2":{"name":"(anonymous_2)","decl":{"start":{"line":19,"column":22},"end":{"line":19,"column":23}},"loc":{"start":{"line":19,"column":28},"end":{"line":19,"column":79}},"line":19},"3":{"name":"(anonymous_3)","decl":{"start":{"line":19,"column":37},"end":{"line":19,"column":38}},"loc":{"start":{"line":19,"column":45},"end":{"line":19,"column":77}},"line":19},"4":{"name":"(anonymous_4)","decl":{"start":{"line":21,"column":24},"end":{"line":21,"column":25}},"loc":{"start":{"line":21,"column":31},"end":{"line":21,"column":53}},"line":21},"5":{"name":"(anonymous_5)","decl":{"start":{"line":27,"column":27},"end":{"line":27,"column":28}},"loc":{"start":{"line":27,"column":33},"end":{"line":27,"column":57}},"line":27}},"branchMap":{"0":{"loc":{"start":{"line":19,"column":45},"end":{"line":19,"column":77}},"type":"cond-expr","locations":[{"start":{"line":19,"column":61},"end":{"line":19,"column":67}},{"start":{"line":19,"column":70},"end":{"line":19,"column":77}}],"line":19}},"s":{"0":2,"1":2,"2":2,"3":1,"4":1,"5":2,"6":2,"7":2,"8":2,"9":4},"f":{"0":0,"1":2,"2":1,"3":1,"4":2,"5":4},"b":{"0":[1,0]},"_coverageSchema":"1a1c01bbd47fc00a2c39e90264f33305004495a9","hash":"e5912e36bd79666325e18786752a8e036eccdbcc"}
,"C:\\Users\\carlo\\Downloads\\HackatonReact\\hackaton-app\\src\\services\\http.ts": {"path":"C:\\Users\\carlo\\Downloads\\HackatonReact\\hackaton-app\\src\\services\\http.ts","statementMap":{"0":{"start":{"line":4,"column":23},"end":{"line":4,"column":35}},"1":{"start":{"line":7,"column":14},"end":{"line":10,"column":4}},"2":{"start":{"line":11,"column":2},"end":{"line":14,"column":3}},"3":{"start":{"line":12,"column":17},"end":{"line":12,"column":33}},"4":{"start":{"line":13,"column":4},"end":{"line":13,"column":52}},"5":{"start":{"line":15,"column":2},"end":{"line":15,"column":34}},"6":{"start":{"line":18,"column":20},"end":{"line":22,"column":1}},"7":{"start":{"line":19,"column":28},"end":{"line":19,"column":44}},"8":{"start":{"line":21,"column":4},"end":{"line":21,"column":74}}},"fnMap":{"0":{"name":"request","decl":{"start":{"line":6,"column":15},"end":{"line":6,"column":22}},"loc":{"start":{"line":6,"column":75},"end":{"line":16,"column":1}},"line":6},"1":{"name":"(anonymous_1)","decl":{"start":{"line":19,"column":7},"end":{"line":19,"column":8}},"loc":{"start":{"line":19,"column":28},"end":{"line":19,"column":44}},"line":19},"2":{"name":"(anonymous_2)","decl":{"start":{"line":20,"column":8},"end":{"line":20,"column":9}},"loc":{"start":{"line":21,"column":4},"end":{"line":21,"column":74}},"line":21}},"branchMap":{"0":{"loc":{"start":{"line":9,"column":8},"end":{"line":9,"column":21}},"type":"binary-expr","locations":[{"start":{"line":9,"column":8},"end":{"line":9,"column":15}},{"start":{"line":9,"column":19},"end":{"line":9,"column":21}}],"line":9},"1":{"loc":{"start":{"line":11,"column":2},"end":{"line":14,"column":3}},"type":"if","locations":[{"start":{"line":11,"column":2},"end":{"line":14,"column":3}},{"start":{},"end":{}}],"line":11},"2":{"loc":{"start":{"line":21,"column":60},"end":{"line":21,"column":70}},"type":"binary-expr","locations":[{"start":{"line":21,"column":60},"end":{"line":21,"column":64}},{"start":{"line":21,"column":68},"end":{"line":21,"column":70}}],"line":21}},"s":{"0":1,"1":3,"2":3,"3":1,"4":1,"5":2,"6":1,"7":2,"8":1},"f":{"0":3,"1":2,"2":1},"b":{"0":[3,2],"1":[1,2],"2":[1,0]},"_coverageSchema":"1a1c01bbd47fc00a2c39e90264f33305004495a9","hash":"d56ca87caf4a65bba913d13e2b5bb3d87824b82f"}
,"C:\\Users\\carlo\\Downloads\\HackatonReact\\hackaton-app\\src\\services\\produtos.service.ts": {"path":"C:\\Users\\carlo\\Downloads\\HackatonReact\\hackaton-app\\src\\services\\produtos.service.ts","statementMap":{"0":{"start":{"line":14,"column":27},"end":{"line":17,"column":1}},"1":{"start":{"line":15,"column":33},"end":{"line":15,"column":70}},"2":{"start":{"line":16,"column":16},"end":{"line":16,"column":37}}},"fnMap":{"0":{"name":"(anonymous_0)","decl":{"start":{"line":15,"column":9},"end":{"line":15,"column":10}},"loc":{"start":{"line":15,"column":33},"end":{"line":15,"column":70}},"line":15},"1":{"name":"(anonymous_1)","decl":{"start":{"line":16,"column":10},"end":{"line":16,"column":11}},"loc":{"start":{"line":16,"column":16},"end":{"line":16,"column":37}},"line":16}},"branchMap":{},"s":{"0":1,"1":1,"2":2},"f":{"0":1,"1":2},"b":{},"_coverageSchema":"1a1c01bbd47fc00a2c39e90264f33305004495a9","hash":"81e334e25e67b24a6aacb74c23004197f6c26726"}
,"C:\\Users\\carlo\\Downloads\\HackatonReact\\hackaton-app\\src\\utils\\baseUrl.ts": {"path":"C:\\Users\\carlo\\Downloads\\HackatonReact\\hackaton-app\\src\\utils\\baseUrl.ts","statementMap":{"0":{"start":{"line":2,"column":18},"end":{"line":2,"column":32}},"1":{"start":{"line":3,"column":2},"end":{"line":3,"column":34}}},"fnMap":{"0":{"name":"getApiBase","decl":{"start":{"line":1,"column":16},"end":{"line":1,"column":26}},"loc":{"start":{"line":1,"column":37},"end":{"line":4,"column":1}},"line":1}},"branchMap":{},"s":{"0":1,"1":1},"f":{"0":1},"b":{},"_coverageSchema":"1a1c01bbd47fc00a2c39e90264f33305004495a9","hash":"cc012967704547aac0a0a642949b40668e51c18f"}
,"C:\\Users\\carlo\\Downloads\\HackatonReact\\hackaton-app\\src\\utils\\finance.ts": {"path":"C:\\Users\\carlo\\Downloads\\HackatonReact\\hackaton-app\\src\\utils\\finance.ts","statementMap":{"0":{"start":{"line":5,"column":12},"end":{"line":5,"column":31}},"1":{"start":{"line":6,"column":2},"end":{"line":6,"column":37}},"2":{"start":{"line":11,"column":2},"end":{"line":11,"column":32}},"3":{"start":{"line":11,"column":15},"end":{"line":11,"column":32}},"4":{"start":{"line":12,"column":2},"end":{"line":12,"column":49}},"5":{"start":{"line":31,"column":14},"end":{"line":31,"column":38}},"6":{"start":{"line":32,"column":14},"end":{"line":32,"column":19}},"7":{"start":{"line":33,"column":35},"end":{"line":33,"column":37}},"8":{"start":{"line":35,"column":2},"end":{"line":49,"column":3}},"9":{"start":{"line":35,"column":17},"end":{"line":35,"column":18}},"10":{"start":{"line":36,"column":18},"end":{"line":36,"column":27}},"11":{"start":{"line":37,"column":22},"end":{"line":37,"column":33}},"12":{"start":{"line":40,"column":4},"end":{"line":40,"column":39}},"13":{"start":{"line":40,"column":19},"end":{"line":40,"column":39}},"14":{"start":{"line":42,"column":4},"end":{"line":42,"column":32}},"15":{"start":{"line":43,"column":4},"end":{"line":48,"column":7}},"16":{"start":{"line":51,"column":24},"end":{"line":51,"column":31}},"17":{"start":{"line":52,"column":2},"end":{"line":52,"column":51}},"18":{"start":{"line":56,"column":24},"end":{"line":57,"column":67}},"19":{"start":{"line":57,"column":2},"end":{"line":57,"column":67}},"20":{"start":{"line":59,"column":22},"end":{"line":60,"column":46}},"21":{"start":{"line":60,"column":2},"end":{"line":60,"column":46}}},"fnMap":{"0":{"name":"annualToMonthly","decl":{"start":{"line":4,"column":16},"end":{"line":4,"column":31}},"loc":{"start":{"line":4,"column":63},"end":{"line":7,"column":1}},"line":4},"1":{"name":"calcParcela","decl":{"start":{"line":10,"column":16},"end":{"line":10,"column":27}},"loc":{"start":{"line":10,"column":73},"end":{"line":13,"column":1}},"line":10},"2":{"name":"gerarMemoria","decl":{"start":{"line":22,"column":16},"end":{"line":22,"column":28}},"loc":{"start":{"line":30,"column":2},"end":{"line":53,"column":1}},"line":30},"3":{"name":"(anonymous_3)","decl":{"start":{"line":56,"column":24},"end":{"line":56,"column":25}},"loc":{"start":{"line":57,"column":2},"end":{"line":57,"column":67}},"line":57},"4":{"name":"(anonymous_4)","decl":{"start":{"line":59,"column":22},"end":{"line":59,"column":23}},"loc":{"start":{"line":60,"column":2},"end":{"line":60,"column":46}},"line":60}},"branchMap":{"0":{"loc":{"start":{"line":11,"column":2},"end":{"line":11,"column":32}},"type":"if","locations":[{"start":{"line":11,"column":2},"end":{"line":11,"column":32}},{"start":{},"end":{}}],"line":11},"1":{"loc":{"start":{"line":40,"column":4},"end":{"line":40,"column":39}},"type":"if","locations":[{"start":{"line":40,"column":4},"end":{"line":40,"column":39}},{"start":{},"end":{}}],"line":40}},"s":{"0":1,"1":1,"2":4,"3":1,"4":3,"5":1,"6":1,"7":1,"8":1,"9":1,"10":12,"11":12,"12":12,"13":1,"14":12,"15":12,"16":1,"17":1,"18":1,"19":1,"20":1,"21":1},"f":{"0":1,"1":4,"2":1,"3":1,"4":1},"b":{"0":[1,3],"1":[1,11]},"_coverageSchema":"1a1c01bbd47fc00a2c39e90264f33305004495a9","hash":"da00f63881c778588aedbeffa9ca6ba9d75fc5b5"}
}
