TN:
SF:src\components\ThemeToggle.tsx
FN:6,ThemeToggle
FNF:1
FNH:1
FNDA:2,ThemeToggle
DA:7,2
DA:8,2
DA:9,2
DA:11,2
DA:32,1
LF:5
LH:5
BRDA:18,0,0,1
BRDA:18,0,1,1
BRDA:24,1,0,1
BRDA:24,1,1,1
BRDA:26,2,0,1
BRDA:26,2,1,1
BRF:6
BRH:6
end_of_record
TN:
SF:src\context\ThemeContext.tsx
FN:14,(anonymous_0)
FN:17,ThemeProvider
FN:19,(anonymous_2)
FN:19,(anonymous_3)
FN:21,(anonymous_4)
FN:27,(anonymous_5)
FNF:6
FNH:5
FNDA:0,(anonymous_0)
FNDA:2,ThemeProvider
FNDA:1,(anonymous_2)
FNDA:1,(anonymous_3)
FNDA:2,(anonymous_4)
FNDA:4,(anonymous_5)
DA:12,2
DA:18,2
DA:19,2
DA:21,2
DA:22,2
DA:27,4
LF:6
LH:6
BRDA:19,0,0,1
BRDA:19,0,1,0
BRF:2
BRH:1
end_of_record
TN:
SF:src\services\http.ts
FN:6,request
FN:19,(anonymous_1)
FN:20,(anonymous_2)
FNF:3
FNH:3
FNDA:3,request
FNDA:2,(anonymous_1)
FNDA:1,(anonymous_2)
DA:4,1
DA:7,3
DA:11,3
DA:12,1
DA:13,1
DA:15,2
DA:18,1
DA:19,2
DA:21,1
LF:9
LH:9
BRDA:9,0,0,3
BRDA:9,0,1,2
BRDA:11,1,0,1
BRDA:11,1,1,2
BRDA:21,2,0,1
BRDA:21,2,1,0
BRF:6
BRH:5
end_of_record
TN:
SF:src\services\produtos.service.ts
FN:15,(anonymous_0)
FN:16,(anonymous_1)
FNF:2
FNH:2
FNDA:1,(anonymous_0)
FNDA:2,(anonymous_1)
DA:14,1
DA:15,1
DA:16,2
LF:3
LH:3
BRF:0
BRH:0
end_of_record
TN:
SF:src\utils\baseUrl.ts
FN:1,getApiBase
FNF:1
FNH:1
FNDA:1,getApiBase
DA:2,1
DA:3,1
LF:2
LH:2
BRF:0
BRH:0
end_of_record
TN:
SF:src\utils\finance.ts
FN:4,annualToMonthly
FN:10,calcParcela
FN:22,gerarMemoria
FN:56,(anonymous_3)
FN:59,(anonymous_4)
FNF:5
FNH:5
FNDA:1,annualToMonthly
FNDA:4,calcParcela
FNDA:1,gerarMemoria
FNDA:1,(anonymous_3)
FNDA:1,(anonymous_4)
DA:5,1
DA:6,1
DA:11,4
DA:12,3
DA:31,1
DA:32,1
DA:33,1
DA:35,1
DA:36,12
DA:37,12
DA:40,12
DA:42,12
DA:43,12
DA:51,1
DA:52,1
DA:56,1
DA:57,1
DA:59,1
DA:60,1
LF:19
LH:19
BRDA:11,0,0,1
BRDA:11,0,1,3
BRDA:40,1,0,1
BRDA:40,1,1,11
BRF:4
BRH:4
end_of_record
